{
  "stats": {
    "suites": 16,
    "tests": 50,
    "passes": 50,
    "pending": 0,
    "failures": 0,
    "start": "2020-12-14T07:26:58.439Z",
    "end": "2020-12-14T07:30:31.453Z",
    "duration": 37520,
    "testsRegistered": 50,
    "passPercent": 100,
    "pendingPercent": 0,
    "other": 0,
    "hasOther": false,
    "skipped": 0,
    "hasSkipped": false
  },
  "results": [
    {
      "uuid": "cbb457a5-e742-4b3d-a282-1889800b66d0",
      "title": "",
      "fullFile": "",
      "file": "",
      "beforeHooks": [],
      "afterHooks": [],
      "tests": [],
      "suites": [
        {
          "uuid": "e9be12d5-3385-4f4d-a940-facc0adbf12c",
          "title": "click header Logo",
          "fullFile": "",
          "file": "",
          "beforeHooks": [],
          "afterHooks": [],
          "tests": [
            {
              "title": "should scroll to the home page top",
              "fullTitle": "click header Logo should scroll to the home page top",
              "timedOut": null,
              "duration": 1582,
              "state": "passed",
              "speed": "slow",
              "pass": true,
              "fail": false,
              "pending": false,
              "context": null,
              "code": "_MainPage.mainPage.open();\nvar wwdBlock = _NavigationMenu.navMenu.openWhatWeDoBlock();\nwwdBlock.verifyElements();\ncy.log('when user click the logo');\ncy.get(_MainPage.mainPage.logo).click();\ncy.log('then user goes to the top');\n_MainPage.mainPage.verifyElements();",
              "err": {},
              "uuid": "ea87dd13-fd87-4615-9a4b-00812df53b57",
              "parentUUID": "e9be12d5-3385-4f4d-a940-facc0adbf12c",
              "isHook": false,
              "skipped": false
            }
          ],
          "suites": [],
          "passes": [
            "ea87dd13-fd87-4615-9a4b-00812df53b57"
          ],
          "failures": [],
          "pending": [],
          "skipped": [],
          "duration": 1582,
          "root": false,
          "rootEmpty": false,
          "_timeout": 2000
        }
      ],
      "passes": [],
      "failures": [],
      "pending": [],
      "skipped": [],
      "duration": 0,
      "root": true,
      "rootEmpty": true,
      "_timeout": 2000
    },
    {
      "uuid": "28fcfbca-7b58-4a56-9d21-b03d75464542",
      "title": "",
      "fullFile": "",
      "file": "",
      "beforeHooks": [],
      "afterHooks": [],
      "tests": [],
      "suites": [
        {
          "uuid": "eed4895f-2f79-4922-8c64-b94a291a7582",
          "title": "Scroll to main blocks by navigation menu",
          "fullFile": "",
          "file": "",
          "beforeHooks": [],
          "afterHooks": [],
          "tests": [
            {
              "title": "click to \"how we work\" navigation menu link",
              "fullTitle": "Scroll to main blocks by navigation menu click to \"how we work\" navigation menu link",
              "timedOut": null,
              "duration": 1298,
              "state": "passed",
              "speed": "slow",
              "pass": true,
              "fail": false,
              "pending": false,
              "context": null,
              "code": "var hwwBlock = _NavigationMenu.navMenu.openHowWeWorkBlock();\nhwwBlock.verifyElements();",
              "err": {},
              "uuid": "3d4e7719-c124-4644-b575-4215531243a5",
              "parentUUID": "eed4895f-2f79-4922-8c64-b94a291a7582",
              "isHook": false,
              "skipped": false
            },
            {
              "title": "click to \"expertise\" navigation menu link",
              "fullTitle": "Scroll to main blocks by navigation menu click to \"expertise\" navigation menu link",
              "timedOut": null,
              "duration": 356,
              "state": "passed",
              "speed": "slow",
              "pass": true,
              "fail": false,
              "pending": false,
              "context": null,
              "code": "var expBlock = _NavigationMenu.navMenu.openExpertiseBlock();\nexpBlock.verifyElements();",
              "err": {},
              "uuid": "b24e8b96-80e1-4029-90f9-8997510e7f57",
              "parentUUID": "eed4895f-2f79-4922-8c64-b94a291a7582",
              "isHook": false,
              "skipped": false
            },
            {
              "title": "click to \"what we do\" navigation menu link",
              "fullTitle": "Scroll to main blocks by navigation menu click to \"what we do\" navigation menu link",
              "timedOut": null,
              "duration": 312,
              "state": "passed",
              "speed": "slow",
              "pass": true,
              "fail": false,
              "pending": false,
              "context": null,
              "code": "var wwdBlock = _NavigationMenu.navMenu.openWhatWeDoBlock();\nwwdBlock.verifyElements();",
              "err": {},
              "uuid": "b2e4d113-aeed-4f42-b59b-181eac6660ab",
              "parentUUID": "eed4895f-2f79-4922-8c64-b94a291a7582",
              "isHook": false,
              "skipped": false
            },
            {
              "title": "click to \"agency\" navigation menu link",
              "fullTitle": "Scroll to main blocks by navigation menu click to \"agency\" navigation menu link",
              "timedOut": null,
              "duration": 318,
              "state": "passed",
              "speed": "slow",
              "pass": true,
              "fail": false,
              "pending": false,
              "context": null,
              "code": "var agencyBlock = _NavigationMenu.navMenu.openAgencyBlock();\nagencyBlock.verifyElements();",
              "err": {},
              "uuid": "fd4e3f0d-ea96-4029-b3bc-a6ee1dae5251",
              "parentUUID": "eed4895f-2f79-4922-8c64-b94a291a7582",
              "isHook": false,
              "skipped": false
            }
          ],
          "suites": [],
          "passes": [
            "3d4e7719-c124-4644-b575-4215531243a5",
            "b24e8b96-80e1-4029-90f9-8997510e7f57",
            "b2e4d113-aeed-4f42-b59b-181eac6660ab",
            "fd4e3f0d-ea96-4029-b3bc-a6ee1dae5251"
          ],
          "failures": [],
          "pending": [],
          "skipped": [],
          "duration": 2284,
          "root": false,
          "rootEmpty": false,
          "_timeout": 2000
        }
      ],
      "passes": [],
      "failures": [],
      "pending": [],
      "skipped": [],
      "duration": 0,
      "root": true,
      "rootEmpty": true,
      "_timeout": 2000
    },
    {
      "uuid": "f6baa90c-0dee-4a62-9689-b23a3988ad48",
      "title": "",
      "fullFile": "",
      "file": "",
      "beforeHooks": [],
      "afterHooks": [],
      "tests": [],
      "suites": [
        {
          "uuid": "4ea05355-012e-4e51-9e06-f2bbf6953471",
          "title": "Scroll to main blocks by popup menu",
          "fullFile": "",
          "file": "",
          "beforeHooks": [],
          "afterHooks": [],
          "tests": [
            {
              "title": "check that popup menu doesnt visible on first screen",
              "fullTitle": "Scroll to main blocks by popup menu check that popup menu doesnt visible on first screen",
              "timedOut": null,
              "duration": 1118,
              "state": "passed",
              "speed": "slow",
              "pass": true,
              "fail": false,
              "pending": false,
              "context": null,
              "code": "cy.get(_MainPage.mainPage.logo).click().then(function () {\n  cy.get(_PopupMenu.popupMenu.mainElement).should('not.be.visible');\n});",
              "err": {},
              "uuid": "502043a7-6616-4da8-8d94-327277a91002",
              "parentUUID": "4ea05355-012e-4e51-9e06-f2bbf6953471",
              "isHook": false,
              "skipped": false
            },
            {
              "title": "check all elements of the popup menu",
              "fullTitle": "Scroll to main blocks by popup menu check all elements of the popup menu",
              "timedOut": null,
              "duration": 291,
              "state": "passed",
              "speed": "slow",
              "pass": true,
              "fail": false,
              "pending": false,
              "context": null,
              "code": "_PopupMenu.popupMenu.verifyElements();",
              "err": {},
              "uuid": "c0b64871-23e0-4617-a075-aa6fd12ca77e",
              "parentUUID": "4ea05355-012e-4e51-9e06-f2bbf6953471",
              "isHook": false,
              "skipped": false
            },
            {
              "title": "click to \"how we work\" link",
              "fullTitle": "Scroll to main blocks by popup menu click to \"how we work\" link",
              "timedOut": null,
              "duration": 359,
              "state": "passed",
              "speed": "slow",
              "pass": true,
              "fail": false,
              "pending": false,
              "context": null,
              "code": "_PopupMenu.popupMenu.openHowWeWorkBlock().verifyElements();",
              "err": {},
              "uuid": "0f642258-6b2a-4a08-952b-837f42a249ae",
              "parentUUID": "4ea05355-012e-4e51-9e06-f2bbf6953471",
              "isHook": false,
              "skipped": false
            },
            {
              "title": "click to \"expertise\" link",
              "fullTitle": "Scroll to main blocks by popup menu click to \"expertise\" link",
              "timedOut": null,
              "duration": 384,
              "state": "passed",
              "speed": "slow",
              "pass": true,
              "fail": false,
              "pending": false,
              "context": null,
              "code": "_PopupMenu.popupMenu.openExpertiseBlock().verifyElements();",
              "err": {},
              "uuid": "1ce48a40-1916-4442-82e6-f97728520f47",
              "parentUUID": "4ea05355-012e-4e51-9e06-f2bbf6953471",
              "isHook": false,
              "skipped": false
            },
            {
              "title": "click to \"what we do\" link",
              "fullTitle": "Scroll to main blocks by popup menu click to \"what we do\" link",
              "timedOut": null,
              "duration": 383,
              "state": "passed",
              "speed": "slow",
              "pass": true,
              "fail": false,
              "pending": false,
              "context": null,
              "code": "_PopupMenu.popupMenu.openWhatWeDoBlock().verifyElements();",
              "err": {},
              "uuid": "81340ea3-e6cb-4f6d-8f63-213597181b6f",
              "parentUUID": "4ea05355-012e-4e51-9e06-f2bbf6953471",
              "isHook": false,
              "skipped": false
            },
            {
              "title": "click to \"agency\" link",
              "fullTitle": "Scroll to main blocks by popup menu click to \"agency\" link",
              "timedOut": null,
              "duration": 382,
              "state": "passed",
              "speed": "slow",
              "pass": true,
              "fail": false,
              "pending": false,
              "context": null,
              "code": "_PopupMenu.popupMenu.openAgencyBlock().verifyElements();",
              "err": {},
              "uuid": "445cd162-3105-4726-8d15-3c17d1d9ff0b",
              "parentUUID": "4ea05355-012e-4e51-9e06-f2bbf6953471",
              "isHook": false,
              "skipped": false
            }
          ],
          "suites": [],
          "passes": [
            "502043a7-6616-4da8-8d94-327277a91002",
            "c0b64871-23e0-4617-a075-aa6fd12ca77e",
            "0f642258-6b2a-4a08-952b-837f42a249ae",
            "1ce48a40-1916-4442-82e6-f97728520f47",
            "81340ea3-e6cb-4f6d-8f63-213597181b6f",
            "445cd162-3105-4726-8d15-3c17d1d9ff0b"
          ],
          "failures": [],
          "pending": [],
          "skipped": [],
          "duration": 2917,
          "root": false,
          "rootEmpty": false,
          "_timeout": 2000
        }
      ],
      "passes": [],
      "failures": [],
      "pending": [],
      "skipped": [],
      "duration": 0,
      "root": true,
      "rootEmpty": true,
      "_timeout": 2000
    },
    {
      "uuid": "9b7bd3f3-e9d9-44c1-8cdb-cfe59b7f9ee8",
      "title": "",
      "fullFile": "",
      "file": "",
      "beforeHooks": [],
      "afterHooks": [],
      "tests": [],
      "suites": [
        {
          "uuid": "4e47477c-26fc-4f5a-bc06-8f24632fef7a",
          "title": "Scroll to main blocks by side menu",
          "fullFile": "",
          "file": "",
          "beforeHooks": [],
          "afterHooks": [],
          "tests": [
            {
              "title": "check all elements of the side menu",
              "fullTitle": "Scroll to main blocks by side menu check all elements of the side menu",
              "timedOut": null,
              "duration": 2006,
              "state": "passed",
              "speed": "slow",
              "pass": true,
              "fail": false,
              "pending": false,
              "context": null,
              "code": "_SideMenu.sideMenu.verifyElements();",
              "err": {},
              "uuid": "f777e555-acde-4216-90a0-b363121dcf33",
              "parentUUID": "4e47477c-26fc-4f5a-bc06-8f24632fef7a",
              "isHook": false,
              "skipped": false
            },
            {
              "title": "click to \"how we work\" side menu link",
              "fullTitle": "Scroll to main blocks by side menu click to \"how we work\" side menu link",
              "timedOut": null,
              "duration": 718,
              "state": "passed",
              "speed": "slow",
              "pass": true,
              "fail": false,
              "pending": false,
              "context": null,
              "code": "var hwwBlock = _SideMenu.sideMenu.openHowWeWorkBlock();\nhwwBlock.verifyElements();",
              "err": {},
              "uuid": "388bdc47-c673-414f-8923-427d5b94356b",
              "parentUUID": "4e47477c-26fc-4f5a-bc06-8f24632fef7a",
              "isHook": false,
              "skipped": false
            },
            {
              "title": "click to \"expertise\" side menu link",
              "fullTitle": "Scroll to main blocks by side menu click to \"expertise\" side menu link",
              "timedOut": null,
              "duration": 876,
              "state": "passed",
              "speed": "slow",
              "pass": true,
              "fail": false,
              "pending": false,
              "context": null,
              "code": "var expBlock = _SideMenu.sideMenu.openExpertiseBlock();\nexpBlock.verifyElements();",
              "err": {},
              "uuid": "cbd52e0e-8959-4d94-a476-43284863f9f0",
              "parentUUID": "4e47477c-26fc-4f5a-bc06-8f24632fef7a",
              "isHook": false,
              "skipped": false
            },
            {
              "title": "click to \"what we do\" side menu link",
              "fullTitle": "Scroll to main blocks by side menu click to \"what we do\" side menu link",
              "timedOut": null,
              "duration": 1142,
              "state": "passed",
              "speed": "slow",
              "pass": true,
              "fail": false,
              "pending": false,
              "context": null,
              "code": "var wwdBlock = _SideMenu.sideMenu.openWhatWeDoBlock();\nwwdBlock.verifyElements();",
              "err": {},
              "uuid": "2fe1998e-5e3b-4647-a741-a7786dd06da9",
              "parentUUID": "4e47477c-26fc-4f5a-bc06-8f24632fef7a",
              "isHook": false,
              "skipped": false
            },
            {
              "title": "click to \"agency\" side menu link",
              "fullTitle": "Scroll to main blocks by side menu click to \"agency\" side menu link",
              "timedOut": null,
              "duration": 1580,
              "state": "passed",
              "speed": "slow",
              "pass": true,
              "fail": false,
              "pending": false,
              "context": null,
              "code": "var agencyBlock = _SideMenu.sideMenu.openAgencyBlock();\nagencyBlock.verifyElements();",
              "err": {},
              "uuid": "4481f624-59cd-4372-84c5-f77a96c9a5c7",
              "parentUUID": "4e47477c-26fc-4f5a-bc06-8f24632fef7a",
              "isHook": false,
              "skipped": false
            }
          ],
          "suites": [],
          "passes": [
            "f777e555-acde-4216-90a0-b363121dcf33",
            "388bdc47-c673-414f-8923-427d5b94356b",
            "cbd52e0e-8959-4d94-a476-43284863f9f0",
            "2fe1998e-5e3b-4647-a741-a7786dd06da9",
            "4481f624-59cd-4372-84c5-f77a96c9a5c7"
          ],
          "failures": [],
          "pending": [],
          "skipped": [],
          "duration": 6322,
          "root": false,
          "rootEmpty": false,
          "_timeout": 2000
        }
      ],
      "passes": [],
      "failures": [],
      "pending": [],
      "skipped": [],
      "duration": 0,
      "root": true,
      "rootEmpty": true,
      "_timeout": 2000
    },
    {
      "uuid": "3e2d50be-28c1-4bae-b24e-e5711a7cea3d",
      "title": "",
      "fullFile": "",
      "file": "",
      "beforeHooks": [],
      "afterHooks": [],
      "tests": [],
      "suites": [
        {
          "uuid": "5bc2e751-978f-4a97-aecb-5a415801f1d6",
          "title": "check access home page",
          "fullFile": "",
          "file": "",
          "beforeHooks": [],
          "afterHooks": [],
          "tests": [
            {
              "title": "GET request for the home page",
              "fullTitle": "check access home page GET request for the home page",
              "timedOut": null,
              "duration": 532,
              "state": "passed",
              "speed": "slow",
              "pass": true,
              "fail": false,
              "pending": false,
              "context": null,
              "code": "cy.request('GET', '/').should(function (response) {\n  expect(response.status).to.eq(200);\n  expect(response.headers).to.have.property('content-type').to.contain('text/html; charset=utf-8');\n  expect(response.body).contains('<title>Athanor</title>');\n});",
              "err": {},
              "uuid": "b979f695-fd58-485b-9045-a8a373f647bc",
              "parentUUID": "5bc2e751-978f-4a97-aecb-5a415801f1d6",
              "isHook": false,
              "skipped": false
            },
            {
              "title": "should visit the site",
              "fullTitle": "check access home page should visit the site",
              "timedOut": null,
              "duration": 1244,
              "state": "passed",
              "speed": "slow",
              "pass": true,
              "fail": false,
              "pending": false,
              "context": null,
              "code": "cy.log('when user open website');\n_MainPage.mainPage.open();\ncy.log('then user sees the main elements of site');\n_MainPage.mainPage.verifyElements();\ncy.log('and user sees the title');\ncy.get(_MainPage.mainPage.title).invoke('text').then(function (text) {\n  var str = text.replace(/[\\s\\n]+/g, \" \").trim();\n  expect(str).contains(\"Extremely complex digital products\");\n});",
              "err": {},
              "uuid": "0473b706-344c-42a5-ad83-ff5f9250a43c",
              "parentUUID": "5bc2e751-978f-4a97-aecb-5a415801f1d6",
              "isHook": false,
              "skipped": false
            }
          ],
          "suites": [],
          "passes": [
            "b979f695-fd58-485b-9045-a8a373f647bc",
            "0473b706-344c-42a5-ad83-ff5f9250a43c"
          ],
          "failures": [],
          "pending": [],
          "skipped": [],
          "duration": 1776,
          "root": false,
          "rootEmpty": false,
          "_timeout": 2000
        }
      ],
      "passes": [],
      "failures": [],
      "pending": [],
      "skipped": [],
      "duration": 0,
      "root": true,
      "rootEmpty": true,
      "_timeout": 2000
    },
    {
      "uuid": "57da6539-3a14-41f5-83c7-01351dc86859",
      "title": "",
      "fullFile": "",
      "file": "",
      "beforeHooks": [],
      "afterHooks": [],
      "tests": [],
      "suites": [
        {
          "uuid": "b2197edc-c3cd-4c6d-904a-52f48e1c3611",
          "title": "check links social buttons",
          "fullFile": "",
          "file": "",
          "beforeHooks": [],
          "afterHooks": [],
          "tests": [
            {
              "title": "check behance is available",
              "fullTitle": "check links social buttons check behance is available",
              "timedOut": null,
              "duration": 448,
              "state": "passed",
              "speed": "slow",
              "pass": true,
              "fail": false,
              "pending": false,
              "context": null,
              "code": "var host = socials[name];\ncy.request('GET', host).should(function (response) {\n  expect(response.status).to.eq(200);\n});",
              "err": {},
              "uuid": "23b951d8-de38-4b7d-8559-52dae0ab5142",
              "parentUUID": "b2197edc-c3cd-4c6d-904a-52f48e1c3611",
              "isHook": false,
              "skipped": false
            }
          ],
          "suites": [],
          "passes": [
            "23b951d8-de38-4b7d-8559-52dae0ab5142"
          ],
          "failures": [],
          "pending": [],
          "skipped": [],
          "duration": 448,
          "root": false,
          "rootEmpty": false,
          "_timeout": 2000
        }
      ],
      "passes": [],
      "failures": [],
      "pending": [],
      "skipped": [],
      "duration": 0,
      "root": true,
      "rootEmpty": true,
      "_timeout": 2000
    },
    {
      "uuid": "065b787e-6d89-40ce-91a3-f1d543ee68df",
      "title": "",
      "fullFile": "",
      "file": "",
      "beforeHooks": [],
      "afterHooks": [],
      "tests": [],
      "suites": [
        {
          "uuid": "64c3de19-234d-4242-aa81-f03bc639b602",
          "title": "see team members on main page",
          "fullFile": "",
          "file": "",
          "beforeHooks": [],
          "afterHooks": [],
          "tests": [
            {
              "title": "checks the agency block contains the names of team members",
              "fullTitle": "see team members on main page checks the agency block contains the names of team members",
              "timedOut": null,
              "duration": 1482,
              "state": "passed",
              "speed": "slow",
              "pass": true,
              "fail": false,
              "pending": false,
              "context": null,
              "code": "cy.fixture('team').then(function (team) {\n  _MainPage.mainPage.open();\n  cy.log('when user open \"agency\" block');\n  var agencyBlock = _NavigationMenu.navMenu.openAgencyBlock();\n  cy.log('then user sees the names of team members');\n  team.forEach(function (member) {\n    cy.log(\"then user sees name \".concat(member));\n    cy.get(agencyBlock.teamMembers).should('contain', member);\n  });\n});",
              "err": {},
              "uuid": "5aaa5843-fd67-45d0-88a8-01799e8f7d57",
              "parentUUID": "64c3de19-234d-4242-aa81-f03bc639b602",
              "isHook": false,
              "skipped": false
            }
          ],
          "suites": [],
          "passes": [
            "5aaa5843-fd67-45d0-88a8-01799e8f7d57"
          ],
          "failures": [],
          "pending": [],
          "skipped": [],
          "duration": 1482,
          "root": false,
          "rootEmpty": false,
          "_timeout": 2000
        }
      ],
      "passes": [],
      "failures": [],
      "pending": [],
      "skipped": [],
      "duration": 0,
      "root": true,
      "rootEmpty": true,
      "_timeout": 2000
    },
    {
      "uuid": "89cc8b36-11b6-4964-8582-77004890f22d",
      "title": "",
      "fullFile": "",
      "file": "",
      "beforeHooks": [],
      "afterHooks": [],
      "tests": [],
      "suites": [
        {
          "uuid": "b53a5c01-2fd0-4703-abd0-a8410a599c2a",
          "title": "check address",
          "fullFile": "",
          "file": "",
          "beforeHooks": [],
          "afterHooks": [],
          "tests": [
            {
              "title": "user sees index in address block",
              "fullTitle": "check address user sees index in address block",
              "timedOut": null,
              "duration": 2170,
              "state": "passed",
              "speed": "slow",
              "pass": true,
              "fail": false,
              "pending": false,
              "context": null,
              "code": "var value = address[part];\ncy.get(_AgencyBlock.agencyBlock.address).invoke('text').then(function (text) {\n  text = text.replace(/[\\s\\n]+/g, \" \").trim();\n  expect(text).contain(value);\n});",
              "err": {},
              "uuid": "ee3f1841-4493-4b3f-a412-c4840dd9b99e",
              "parentUUID": "b53a5c01-2fd0-4703-abd0-a8410a599c2a",
              "isHook": false,
              "skipped": false
            },
            {
              "title": "user sees address in address block",
              "fullTitle": "check address user sees address in address block",
              "timedOut": null,
              "duration": 18,
              "state": "passed",
              "speed": "fast",
              "pass": true,
              "fail": false,
              "pending": false,
              "context": null,
              "code": "var value = address[part];\ncy.get(_AgencyBlock.agencyBlock.address).invoke('text').then(function (text) {\n  text = text.replace(/[\\s\\n]+/g, \" \").trim();\n  expect(text).contain(value);\n});",
              "err": {},
              "uuid": "95c1b1b6-5227-4cc4-ac07-075698aef748",
              "parentUUID": "b53a5c01-2fd0-4703-abd0-a8410a599c2a",
              "isHook": false,
              "skipped": false
            },
            {
              "title": "user sees proprietor in address block",
              "fullTitle": "check address user sees proprietor in address block",
              "timedOut": null,
              "duration": 12,
              "state": "passed",
              "speed": "fast",
              "pass": true,
              "fail": false,
              "pending": false,
              "context": null,
              "code": "var value = address[part];\ncy.get(_AgencyBlock.agencyBlock.address).invoke('text').then(function (text) {\n  text = text.replace(/[\\s\\n]+/g, \" \").trim();\n  expect(text).contain(value);\n});",
              "err": {},
              "uuid": "15c9a40a-fd8f-4cfd-8fdb-e831d2731908",
              "parentUUID": "b53a5c01-2fd0-4703-abd0-a8410a599c2a",
              "isHook": false,
              "skipped": false
            },
            {
              "title": "user sees tax_number in address block",
              "fullTitle": "check address user sees tax_number in address block",
              "timedOut": null,
              "duration": 12,
              "state": "passed",
              "speed": "fast",
              "pass": true,
              "fail": false,
              "pending": false,
              "context": null,
              "code": "var value = address[part];\ncy.get(_AgencyBlock.agencyBlock.address).invoke('text').then(function (text) {\n  text = text.replace(/[\\s\\n]+/g, \" \").trim();\n  expect(text).contain(value);\n});",
              "err": {},
              "uuid": "d147c484-a1c6-462c-a124-92b97cfa6162",
              "parentUUID": "b53a5c01-2fd0-4703-abd0-a8410a599c2a",
              "isHook": false,
              "skipped": false
            },
            {
              "title": "user sees state_number in address block",
              "fullTitle": "check address user sees state_number in address block",
              "timedOut": null,
              "duration": 13,
              "state": "passed",
              "speed": "fast",
              "pass": true,
              "fail": false,
              "pending": false,
              "context": null,
              "code": "var value = address[part];\ncy.get(_AgencyBlock.agencyBlock.address).invoke('text').then(function (text) {\n  text = text.replace(/[\\s\\n]+/g, \" \").trim();\n  expect(text).contain(value);\n});",
              "err": {},
              "uuid": "874f38b5-d3ff-419b-949f-9530456f90fd",
              "parentUUID": "b53a5c01-2fd0-4703-abd0-a8410a599c2a",
              "isHook": false,
              "skipped": false
            }
          ],
          "suites": [],
          "passes": [
            "ee3f1841-4493-4b3f-a412-c4840dd9b99e",
            "95c1b1b6-5227-4cc4-ac07-075698aef748",
            "15c9a40a-fd8f-4cfd-8fdb-e831d2731908",
            "d147c484-a1c6-462c-a124-92b97cfa6162",
            "874f38b5-d3ff-419b-949f-9530456f90fd"
          ],
          "failures": [],
          "pending": [],
          "skipped": [],
          "duration": 2225,
          "root": false,
          "rootEmpty": false,
          "_timeout": 2000
        }
      ],
      "passes": [],
      "failures": [],
      "pending": [],
      "skipped": [],
      "duration": 0,
      "root": true,
      "rootEmpty": true,
      "_timeout": 2000
    },
    {
      "uuid": "361c8967-4d4b-4f82-9e27-983c8be8a277",
      "title": "",
      "fullFile": "",
      "file": "",
      "beforeHooks": [],
      "afterHooks": [],
      "tests": [],
      "suites": [
        {
          "uuid": "45916bad-8ec7-4980-89b4-48369e6ae0b7",
          "title": "click header Logo",
          "fullFile": "",
          "file": "",
          "beforeHooks": [],
          "afterHooks": [],
          "tests": [
            {
              "title": "should scroll to the home page top",
              "fullTitle": "click header Logo should scroll to the home page top",
              "timedOut": null,
              "duration": 1187,
              "state": "passed",
              "speed": "slow",
              "pass": true,
              "fail": false,
              "pending": false,
              "context": null,
              "code": "_MainPage.mainPage.open();\nvar wwdBlock = _NavigationMenu.navMenu.openWhatWeDoBlock();\nwwdBlock.verifyElements();\ncy.log('when user click the logo');\ncy.get(_MainPage.mainPage.logo).click();\ncy.log('then user goes to the top');\n_MainPage.mainPage.verifyElements();",
              "err": {},
              "uuid": "c6a3b2ba-0962-44e3-9b08-2845df52f153",
              "parentUUID": "45916bad-8ec7-4980-89b4-48369e6ae0b7",
              "isHook": false,
              "skipped": false
            }
          ],
          "suites": [],
          "passes": [
            "c6a3b2ba-0962-44e3-9b08-2845df52f153"
          ],
          "failures": [],
          "pending": [],
          "skipped": [],
          "duration": 1187,
          "root": false,
          "rootEmpty": false,
          "_timeout": 2000
        }
      ],
      "passes": [],
      "failures": [],
      "pending": [],
      "skipped": [],
      "duration": 0,
      "root": true,
      "rootEmpty": true,
      "_timeout": 2000
    },
    {
      "uuid": "3a56e70e-2214-4a49-852b-b0170baa824e",
      "title": "",
      "fullFile": "",
      "file": "",
      "beforeHooks": [],
      "afterHooks": [],
      "tests": [],
      "suites": [
        {
          "uuid": "187d0bc6-1e27-4516-a6d3-214867922d64",
          "title": "Scroll to main blocks by navigation menu",
          "fullFile": "",
          "file": "",
          "beforeHooks": [],
          "afterHooks": [],
          "tests": [
            {
              "title": "click to \"how we work\" navigation menu link",
              "fullTitle": "Scroll to main blocks by navigation menu click to \"how we work\" navigation menu link",
              "timedOut": null,
              "duration": 847,
              "state": "passed",
              "speed": "slow",
              "pass": true,
              "fail": false,
              "pending": false,
              "context": null,
              "code": "var hwwBlock = _NavigationMenu.navMenu.openHowWeWorkBlock();\nhwwBlock.verifyElements();",
              "err": {},
              "uuid": "26e9e9ec-b2eb-4db9-adac-7b5010def11f",
              "parentUUID": "187d0bc6-1e27-4516-a6d3-214867922d64",
              "isHook": false,
              "skipped": false
            },
            {
              "title": "click to \"expertise\" navigation menu link",
              "fullTitle": "Scroll to main blocks by navigation menu click to \"expertise\" navigation menu link",
              "timedOut": null,
              "duration": 344,
              "state": "passed",
              "speed": "slow",
              "pass": true,
              "fail": false,
              "pending": false,
              "context": null,
              "code": "var expBlock = _NavigationMenu.navMenu.openExpertiseBlock();\nexpBlock.verifyElements();",
              "err": {},
              "uuid": "2f170cf4-5deb-4a83-9dca-9105f8944a55",
              "parentUUID": "187d0bc6-1e27-4516-a6d3-214867922d64",
              "isHook": false,
              "skipped": false
            },
            {
              "title": "click to \"what we do\" navigation menu link",
              "fullTitle": "Scroll to main blocks by navigation menu click to \"what we do\" navigation menu link",
              "timedOut": null,
              "duration": 317,
              "state": "passed",
              "speed": "slow",
              "pass": true,
              "fail": false,
              "pending": false,
              "context": null,
              "code": "var wwdBlock = _NavigationMenu.navMenu.openWhatWeDoBlock();\nwwdBlock.verifyElements();",
              "err": {},
              "uuid": "c58f7016-637c-44d5-a1b3-46543a5e98a8",
              "parentUUID": "187d0bc6-1e27-4516-a6d3-214867922d64",
              "isHook": false,
              "skipped": false
            },
            {
              "title": "click to \"agency\" navigation menu link",
              "fullTitle": "Scroll to main blocks by navigation menu click to \"agency\" navigation menu link",
              "timedOut": null,
              "duration": 328,
              "state": "passed",
              "speed": "slow",
              "pass": true,
              "fail": false,
              "pending": false,
              "context": null,
              "code": "var agencyBlock = _NavigationMenu.navMenu.openAgencyBlock();\nagencyBlock.verifyElements();",
              "err": {},
              "uuid": "8650aca4-c63a-4673-bad7-1e5dc37fb29c",
              "parentUUID": "187d0bc6-1e27-4516-a6d3-214867922d64",
              "isHook": false,
              "skipped": false
            }
          ],
          "suites": [],
          "passes": [
            "26e9e9ec-b2eb-4db9-adac-7b5010def11f",
            "2f170cf4-5deb-4a83-9dca-9105f8944a55",
            "c58f7016-637c-44d5-a1b3-46543a5e98a8",
            "8650aca4-c63a-4673-bad7-1e5dc37fb29c"
          ],
          "failures": [],
          "pending": [],
          "skipped": [],
          "duration": 1836,
          "root": false,
          "rootEmpty": false,
          "_timeout": 2000
        }
      ],
      "passes": [],
      "failures": [],
      "pending": [],
      "skipped": [],
      "duration": 0,
      "root": true,
      "rootEmpty": true,
      "_timeout": 2000
    },
    {
      "uuid": "98228292-e7a2-4086-82ae-7129a3f0d5d6",
      "title": "",
      "fullFile": "",
      "file": "",
      "beforeHooks": [],
      "afterHooks": [],
      "tests": [],
      "suites": [
        {
          "uuid": "0f36ab83-618b-44ee-bd4c-3b59737d5187",
          "title": "Scroll to main blocks by popup menu",
          "fullFile": "",
          "file": "",
          "beforeHooks": [],
          "afterHooks": [],
          "tests": [
            {
              "title": "check that popup menu doesnt visible on first screen",
              "fullTitle": "Scroll to main blocks by popup menu check that popup menu doesnt visible on first screen",
              "timedOut": null,
              "duration": 1305,
              "state": "passed",
              "speed": "slow",
              "pass": true,
              "fail": false,
              "pending": false,
              "context": null,
              "code": "cy.get(_MainPage.mainPage.logo).click().then(function () {\n  cy.get(_PopupMenu.popupMenu.mainElement).should('not.be.visible');\n});",
              "err": {},
              "uuid": "aff77b7c-e2f0-41e0-a6d2-e86b0aa8196b",
              "parentUUID": "0f36ab83-618b-44ee-bd4c-3b59737d5187",
              "isHook": false,
              "skipped": false
            },
            {
              "title": "check all elements of the popup menu",
              "fullTitle": "Scroll to main blocks by popup menu check all elements of the popup menu",
              "timedOut": null,
              "duration": 298,
              "state": "passed",
              "speed": "slow",
              "pass": true,
              "fail": false,
              "pending": false,
              "context": null,
              "code": "_PopupMenu.popupMenu.verifyElements();",
              "err": {},
              "uuid": "6cc596d8-fdf3-4896-a278-e028ecfe67bf",
              "parentUUID": "0f36ab83-618b-44ee-bd4c-3b59737d5187",
              "isHook": false,
              "skipped": false
            },
            {
              "title": "click to \"how we work\" link",
              "fullTitle": "Scroll to main blocks by popup menu click to \"how we work\" link",
              "timedOut": null,
              "duration": 357,
              "state": "passed",
              "speed": "slow",
              "pass": true,
              "fail": false,
              "pending": false,
              "context": null,
              "code": "_PopupMenu.popupMenu.openHowWeWorkBlock().verifyElements();",
              "err": {},
              "uuid": "59609c46-eae8-4eb0-8cab-572d25a18349",
              "parentUUID": "0f36ab83-618b-44ee-bd4c-3b59737d5187",
              "isHook": false,
              "skipped": false
            },
            {
              "title": "click to \"expertise\" link",
              "fullTitle": "Scroll to main blocks by popup menu click to \"expertise\" link",
              "timedOut": null,
              "duration": 366,
              "state": "passed",
              "speed": "slow",
              "pass": true,
              "fail": false,
              "pending": false,
              "context": null,
              "code": "_PopupMenu.popupMenu.openExpertiseBlock().verifyElements();",
              "err": {},
              "uuid": "85d17fb9-3709-477a-81e0-47c71f53fc21",
              "parentUUID": "0f36ab83-618b-44ee-bd4c-3b59737d5187",
              "isHook": false,
              "skipped": false
            },
            {
              "title": "click to \"what we do\" link",
              "fullTitle": "Scroll to main blocks by popup menu click to \"what we do\" link",
              "timedOut": null,
              "duration": 346,
              "state": "passed",
              "speed": "slow",
              "pass": true,
              "fail": false,
              "pending": false,
              "context": null,
              "code": "_PopupMenu.popupMenu.openWhatWeDoBlock().verifyElements();",
              "err": {},
              "uuid": "e77c07c8-c6fc-46b9-8f64-2b4487f1f942",
              "parentUUID": "0f36ab83-618b-44ee-bd4c-3b59737d5187",
              "isHook": false,
              "skipped": false
            },
            {
              "title": "click to \"agency\" link",
              "fullTitle": "Scroll to main blocks by popup menu click to \"agency\" link",
              "timedOut": null,
              "duration": 378,
              "state": "passed",
              "speed": "slow",
              "pass": true,
              "fail": false,
              "pending": false,
              "context": null,
              "code": "_PopupMenu.popupMenu.openAgencyBlock().verifyElements();",
              "err": {},
              "uuid": "fd2ea1ce-bde7-4677-be5f-7ff459cda017",
              "parentUUID": "0f36ab83-618b-44ee-bd4c-3b59737d5187",
              "isHook": false,
              "skipped": false
            }
          ],
          "suites": [],
          "passes": [
            "aff77b7c-e2f0-41e0-a6d2-e86b0aa8196b",
            "6cc596d8-fdf3-4896-a278-e028ecfe67bf",
            "59609c46-eae8-4eb0-8cab-572d25a18349",
            "85d17fb9-3709-477a-81e0-47c71f53fc21",
            "e77c07c8-c6fc-46b9-8f64-2b4487f1f942",
            "fd2ea1ce-bde7-4677-be5f-7ff459cda017"
          ],
          "failures": [],
          "pending": [],
          "skipped": [],
          "duration": 3050,
          "root": false,
          "rootEmpty": false,
          "_timeout": 2000
        }
      ],
      "passes": [],
      "failures": [],
      "pending": [],
      "skipped": [],
      "duration": 0,
      "root": true,
      "rootEmpty": true,
      "_timeout": 2000
    },
    {
      "uuid": "a1fdd9c1-c301-428a-a034-caeb9e7ad8a6",
      "title": "",
      "fullFile": "",
      "file": "",
      "beforeHooks": [],
      "afterHooks": [],
      "tests": [],
      "suites": [
        {
          "uuid": "dd1eb100-47d3-493d-ad2d-61d7620917a7",
          "title": "Scroll to main blocks by side menu",
          "fullFile": "",
          "file": "",
          "beforeHooks": [],
          "afterHooks": [],
          "tests": [
            {
              "title": "check all elements of the side menu",
              "fullTitle": "Scroll to main blocks by side menu check all elements of the side menu",
              "timedOut": null,
              "duration": 2018,
              "state": "passed",
              "speed": "slow",
              "pass": true,
              "fail": false,
              "pending": false,
              "context": null,
              "code": "_SideMenu.sideMenu.verifyElements();",
              "err": {},
              "uuid": "38fee84b-2b9c-4832-ac2e-dbcd602a1700",
              "parentUUID": "dd1eb100-47d3-493d-ad2d-61d7620917a7",
              "isHook": false,
              "skipped": false
            },
            {
              "title": "click to \"how we work\" side menu link",
              "fullTitle": "Scroll to main blocks by side menu click to \"how we work\" side menu link",
              "timedOut": null,
              "duration": 698,
              "state": "passed",
              "speed": "slow",
              "pass": true,
              "fail": false,
              "pending": false,
              "context": null,
              "code": "var hwwBlock = _SideMenu.sideMenu.openHowWeWorkBlock();\nhwwBlock.verifyElements();",
              "err": {},
              "uuid": "a3142dab-8076-4232-bf6a-2778ec88d95b",
              "parentUUID": "dd1eb100-47d3-493d-ad2d-61d7620917a7",
              "isHook": false,
              "skipped": false
            },
            {
              "title": "click to \"expertise\" side menu link",
              "fullTitle": "Scroll to main blocks by side menu click to \"expertise\" side menu link",
              "timedOut": null,
              "duration": 963,
              "state": "passed",
              "speed": "slow",
              "pass": true,
              "fail": false,
              "pending": false,
              "context": null,
              "code": "var expBlock = _SideMenu.sideMenu.openExpertiseBlock();\nexpBlock.verifyElements();",
              "err": {},
              "uuid": "7442bfe9-d1ae-4a94-9585-f9aa0cf0c10a",
              "parentUUID": "dd1eb100-47d3-493d-ad2d-61d7620917a7",
              "isHook": false,
              "skipped": false
            },
            {
              "title": "click to \"what we do\" side menu link",
              "fullTitle": "Scroll to main blocks by side menu click to \"what we do\" side menu link",
              "timedOut": null,
              "duration": 1135,
              "state": "passed",
              "speed": "slow",
              "pass": true,
              "fail": false,
              "pending": false,
              "context": null,
              "code": "var wwdBlock = _SideMenu.sideMenu.openWhatWeDoBlock();\nwwdBlock.verifyElements();",
              "err": {},
              "uuid": "b0be95ff-a493-4eb4-ba05-ee424f771995",
              "parentUUID": "dd1eb100-47d3-493d-ad2d-61d7620917a7",
              "isHook": false,
              "skipped": false
            },
            {
              "title": "click to \"agency\" side menu link",
              "fullTitle": "Scroll to main blocks by side menu click to \"agency\" side menu link",
              "timedOut": null,
              "duration": 1558,
              "state": "passed",
              "speed": "slow",
              "pass": true,
              "fail": false,
              "pending": false,
              "context": null,
              "code": "var agencyBlock = _SideMenu.sideMenu.openAgencyBlock();\nagencyBlock.verifyElements();",
              "err": {},
              "uuid": "61a5aadb-b740-4bea-8905-834bd113acb0",
              "parentUUID": "dd1eb100-47d3-493d-ad2d-61d7620917a7",
              "isHook": false,
              "skipped": false
            }
          ],
          "suites": [],
          "passes": [
            "38fee84b-2b9c-4832-ac2e-dbcd602a1700",
            "a3142dab-8076-4232-bf6a-2778ec88d95b",
            "7442bfe9-d1ae-4a94-9585-f9aa0cf0c10a",
            "b0be95ff-a493-4eb4-ba05-ee424f771995",
            "61a5aadb-b740-4bea-8905-834bd113acb0"
          ],
          "failures": [],
          "pending": [],
          "skipped": [],
          "duration": 6372,
          "root": false,
          "rootEmpty": false,
          "_timeout": 2000
        }
      ],
      "passes": [],
      "failures": [],
      "pending": [],
      "skipped": [],
      "duration": 0,
      "root": true,
      "rootEmpty": true,
      "_timeout": 2000
    },
    {
      "uuid": "eaf6cc0c-4a2c-455b-8feb-e2fffdf33a2c",
      "title": "",
      "fullFile": "",
      "file": "",
      "beforeHooks": [],
      "afterHooks": [],
      "tests": [],
      "suites": [
        {
          "uuid": "02769c4f-3c9f-4766-8b2c-8f3379ccf9a8",
          "title": "check access home page",
          "fullFile": "",
          "file": "",
          "beforeHooks": [],
          "afterHooks": [],
          "tests": [
            {
              "title": "GET request for the home page",
              "fullTitle": "check access home page GET request for the home page",
              "timedOut": null,
              "duration": 507,
              "state": "passed",
              "speed": "slow",
              "pass": true,
              "fail": false,
              "pending": false,
              "context": null,
              "code": "cy.request('GET', '/').should(function (response) {\n  expect(response.status).to.eq(200);\n  expect(response.headers).to.have.property('content-type').to.contain('text/html; charset=utf-8');\n  expect(response.body).contains('<title>Athanor</title>');\n});",
              "err": {},
              "uuid": "7f864c70-1edc-4e43-be8b-843146a56553",
              "parentUUID": "02769c4f-3c9f-4766-8b2c-8f3379ccf9a8",
              "isHook": false,
              "skipped": false
            },
            {
              "title": "should visit the site",
              "fullTitle": "check access home page should visit the site",
              "timedOut": null,
              "duration": 1503,
              "state": "passed",
              "speed": "slow",
              "pass": true,
              "fail": false,
              "pending": false,
              "context": null,
              "code": "cy.log('when user open website');\n_MainPage.mainPage.open();\ncy.log('then user sees the main elements of site');\n_MainPage.mainPage.verifyElements();\ncy.log('and user sees the title');\ncy.get(_MainPage.mainPage.title).invoke('text').then(function (text) {\n  var str = text.replace(/[\\s\\n]+/g, \" \").trim();\n  expect(str).contains(\"Extremely complex digital products\");\n});",
              "err": {},
              "uuid": "43268843-737e-4546-ba37-9ab64fe82180",
              "parentUUID": "02769c4f-3c9f-4766-8b2c-8f3379ccf9a8",
              "isHook": false,
              "skipped": false
            }
          ],
          "suites": [],
          "passes": [
            "7f864c70-1edc-4e43-be8b-843146a56553",
            "43268843-737e-4546-ba37-9ab64fe82180"
          ],
          "failures": [],
          "pending": [],
          "skipped": [],
          "duration": 2010,
          "root": false,
          "rootEmpty": false,
          "_timeout": 2000
        }
      ],
      "passes": [],
      "failures": [],
      "pending": [],
      "skipped": [],
      "duration": 0,
      "root": true,
      "rootEmpty": true,
      "_timeout": 2000
    },
    {
      "uuid": "d2b6d765-43ac-4292-869f-34685052f3da",
      "title": "",
      "fullFile": "",
      "file": "",
      "beforeHooks": [],
      "afterHooks": [],
      "tests": [],
      "suites": [
        {
          "uuid": "09dd2f81-9187-4652-9b93-20d1e6d03a30",
          "title": "check links social buttons",
          "fullFile": "",
          "file": "",
          "beforeHooks": [],
          "afterHooks": [],
          "tests": [
            {
              "title": "check behance is available",
              "fullTitle": "check links social buttons check behance is available",
              "timedOut": null,
              "duration": 358,
              "state": "passed",
              "speed": "slow",
              "pass": true,
              "fail": false,
              "pending": false,
              "context": null,
              "code": "var host = socials[name];\ncy.request('GET', host).should(function (response) {\n  expect(response.status).to.eq(200);\n});",
              "err": {},
              "uuid": "e1d758d3-4e35-435e-bcfd-8b0b27c43d3f",
              "parentUUID": "09dd2f81-9187-4652-9b93-20d1e6d03a30",
              "isHook": false,
              "skipped": false
            }
          ],
          "suites": [],
          "passes": [
            "e1d758d3-4e35-435e-bcfd-8b0b27c43d3f"
          ],
          "failures": [],
          "pending": [],
          "skipped": [],
          "duration": 358,
          "root": false,
          "rootEmpty": false,
          "_timeout": 2000
        }
      ],
      "passes": [],
      "failures": [],
      "pending": [],
      "skipped": [],
      "duration": 0,
      "root": true,
      "rootEmpty": true,
      "_timeout": 2000
    },
    {
      "uuid": "16c5b651-a425-4e52-8042-ed63f6030f74",
      "title": "",
      "fullFile": "",
      "file": "",
      "beforeHooks": [],
      "afterHooks": [],
      "tests": [],
      "suites": [
        {
          "uuid": "a8a86ca7-a03c-4332-99e3-3b4117b3f781",
          "title": "see team members on main page",
          "fullFile": "",
          "file": "",
          "beforeHooks": [],
          "afterHooks": [],
          "tests": [
            {
              "title": "checks the agency block contains the names of team members",
              "fullTitle": "see team members on main page checks the agency block contains the names of team members",
              "timedOut": null,
              "duration": 1443,
              "state": "passed",
              "speed": "slow",
              "pass": true,
              "fail": false,
              "pending": false,
              "context": null,
              "code": "cy.fixture('team').then(function (team) {\n  _MainPage.mainPage.open();\n  cy.log('when user open \"agency\" block');\n  var agencyBlock = _NavigationMenu.navMenu.openAgencyBlock();\n  cy.log('then user sees the names of team members');\n  team.forEach(function (member) {\n    cy.log(\"then user sees name \".concat(member));\n    cy.get(agencyBlock.teamMembers).should('contain', member);\n  });\n});",
              "err": {},
              "uuid": "ec6a8630-d72a-44a3-8420-fb5c238d67c0",
              "parentUUID": "a8a86ca7-a03c-4332-99e3-3b4117b3f781",
              "isHook": false,
              "skipped": false
            }
          ],
          "suites": [],
          "passes": [
            "ec6a8630-d72a-44a3-8420-fb5c238d67c0"
          ],
          "failures": [],
          "pending": [],
          "skipped": [],
          "duration": 1443,
          "root": false,
          "rootEmpty": false,
          "_timeout": 2000
        }
      ],
      "passes": [],
      "failures": [],
      "pending": [],
      "skipped": [],
      "duration": 0,
      "root": true,
      "rootEmpty": true,
      "_timeout": 2000
    },
    {
      "uuid": "fcbbe865-8629-4a5e-ac0f-a3efcdde548f",
      "title": "",
      "fullFile": "",
      "file": "",
      "beforeHooks": [],
      "afterHooks": [],
      "tests": [],
      "suites": [
        {
          "uuid": "007800e2-24fb-418d-9c47-436042bea178",
          "title": "check address",
          "fullFile": "",
          "file": "",
          "beforeHooks": [],
          "afterHooks": [],
          "tests": [
            {
              "title": "user sees index in address block",
              "fullTitle": "check address user sees index in address block",
              "timedOut": null,
              "duration": 2179,
              "state": "passed",
              "speed": "slow",
              "pass": true,
              "fail": false,
              "pending": false,
              "context": null,
              "code": "var value = address[part];\ncy.get(_AgencyBlock.agencyBlock.address).invoke('text').then(function (text) {\n  text = text.replace(/[\\s\\n]+/g, \" \").trim();\n  expect(text).contain(value);\n});",
              "err": {},
              "uuid": "96a24ce7-ebb0-4cb0-836b-33f3d44e2659",
              "parentUUID": "007800e2-24fb-418d-9c47-436042bea178",
              "isHook": false,
              "skipped": false
            },
            {
              "title": "user sees address in address block",
              "fullTitle": "check address user sees address in address block",
              "timedOut": null,
              "duration": 12,
              "state": "passed",
              "speed": "fast",
              "pass": true,
              "fail": false,
              "pending": false,
              "context": null,
              "code": "var value = address[part];\ncy.get(_AgencyBlock.agencyBlock.address).invoke('text').then(function (text) {\n  text = text.replace(/[\\s\\n]+/g, \" \").trim();\n  expect(text).contain(value);\n});",
              "err": {},
              "uuid": "7edcc00f-2162-48b1-b22e-25716310edec",
              "parentUUID": "007800e2-24fb-418d-9c47-436042bea178",
              "isHook": false,
              "skipped": false
            },
            {
              "title": "user sees proprietor in address block",
              "fullTitle": "check address user sees proprietor in address block",
              "timedOut": null,
              "duration": 12,
              "state": "passed",
              "speed": "fast",
              "pass": true,
              "fail": false,
              "pending": false,
              "context": null,
              "code": "var value = address[part];\ncy.get(_AgencyBlock.agencyBlock.address).invoke('text').then(function (text) {\n  text = text.replace(/[\\s\\n]+/g, \" \").trim();\n  expect(text).contain(value);\n});",
              "err": {},
              "uuid": "38561804-81ee-43bb-9fa1-6c1809e91b30",
              "parentUUID": "007800e2-24fb-418d-9c47-436042bea178",
              "isHook": false,
              "skipped": false
            },
            {
              "title": "user sees tax_number in address block",
              "fullTitle": "check address user sees tax_number in address block",
              "timedOut": null,
              "duration": 13,
              "state": "passed",
              "speed": "fast",
              "pass": true,
              "fail": false,
              "pending": false,
              "context": null,
              "code": "var value = address[part];\ncy.get(_AgencyBlock.agencyBlock.address).invoke('text').then(function (text) {\n  text = text.replace(/[\\s\\n]+/g, \" \").trim();\n  expect(text).contain(value);\n});",
              "err": {},
              "uuid": "442be6d4-f33f-49fd-969d-0800e7621cf1",
              "parentUUID": "007800e2-24fb-418d-9c47-436042bea178",
              "isHook": false,
              "skipped": false
            },
            {
              "title": "user sees state_number in address block",
              "fullTitle": "check address user sees state_number in address block",
              "timedOut": null,
              "duration": 12,
              "state": "passed",
              "speed": "fast",
              "pass": true,
              "fail": false,
              "pending": false,
              "context": null,
              "code": "var value = address[part];\ncy.get(_AgencyBlock.agencyBlock.address).invoke('text').then(function (text) {\n  text = text.replace(/[\\s\\n]+/g, \" \").trim();\n  expect(text).contain(value);\n});",
              "err": {},
              "uuid": "b9fe4d17-d557-4f23-861d-8a66b2499899",
              "parentUUID": "007800e2-24fb-418d-9c47-436042bea178",
              "isHook": false,
              "skipped": false
            }
          ],
          "suites": [],
          "passes": [
            "96a24ce7-ebb0-4cb0-836b-33f3d44e2659",
            "7edcc00f-2162-48b1-b22e-25716310edec",
            "38561804-81ee-43bb-9fa1-6c1809e91b30",
            "442be6d4-f33f-49fd-969d-0800e7621cf1",
            "b9fe4d17-d557-4f23-861d-8a66b2499899"
          ],
          "failures": [],
          "pending": [],
          "skipped": [],
          "duration": 2228,
          "root": false,
          "rootEmpty": false,
          "_timeout": 2000
        }
      ],
      "passes": [],
      "failures": [],
      "pending": [],
      "skipped": [],
      "duration": 0,
      "root": true,
      "rootEmpty": true,
      "_timeout": 2000
    }
  ],
  "meta": {
    "mocha": {
      "version": "8.2.1"
    },
    "mochawesome": {
      "options": {
        "quiet": false,
        "reportFilename": "mochawesome",
        "saveHtml": false,
        "saveJson": true,
        "consoleReporter": "spec",
        "useInlineDiffs": false,
        "code": true
      },
      "version": "6.2.1"
    },
    "marge": {
      "options": {
        "id": "default",
        "reportDir": "cypress/results/mochawesome",
        "overwrite": false,
        "html": false,
        "json": true
      },
      "version": "5.1.0"
    }
  }
}